# JRE version: Java(TM) SE Runtime Environment (11.0.2+9) (build 11.0.2+9-LTS)
# Java VM: Java HotSpot(TM) 64-Bit Server VM (11.0.2+9-LTS, mixed mode, tiered, compressed oops, g1 gc, linux-amd64)
Heap:
 garbage-first heap   total 472064K, used 170973K [0x00000000c0000000, 0x0000000100000000)
  region size 1024K, 9 young (9216K), 9 survivors (9216K)
 Metaspace       used 56372K, capacity 59053K, committed 59440K, reserved 1101824K
  class space    used 5694K, capacity 6714K, committed 6784K, reserved 1048576K
GC Heap History (10 events):
Event: 22.029 GC heap after
{Heap after GC invocations=21 (full 0):
 garbage-first heap   total 249856K, used 126526K [0x00000000c0000000, 0x0000000100000000)
  region size 1024K, 10 young (10240K), 10 survivors (10240K)
 Metaspace       used 56337K, capacity 58989K, committed 59184K, reserved 1101824K
  class space    used 5692K, capacity 6714K, committed 6784K, reserved 1048576K
}
Event: 22.406 GC heap before
{Heap before GC invocations=21 (full 0):
 garbage-first heap   total 249856K, used 203326K [0x00000000c0000000, 0x0000000100000000)
  region size 1024K, 85 young (87040K), 10 survivors (10240K)
 Metaspace       used 56338K, capacity 58989K, committed 59184K, reserved 1101824K
  class space    used 5692K, capacity 6714K, committed 6784K, reserved 1048576K
}
Event: 22.459 GC heap after
{Heap after GC invocations=22 (full 0):
 garbage-first heap   total 299008K, used 134195K [0x00000000c0000000, 0x0000000100000000)
  region size 1024K, 8 young (8192K), 8 survivors (8192K)
 Metaspace       used 56338K, capacity 58989K, committed 59184K, reserved 1101824K
  class space    used 5692K, capacity 6714K, committed 6784K, reserved 1048576K
}
Event: 23.980 GC heap before
{Heap before GC invocations=23 (full 0):
 garbage-first heap   total 299008K, used 228403K [0x00000000c0000000, 0x0000000100000000)
  region size 1024K, 103 young (105472K), 8 survivors (8192K)
 Metaspace       used 56345K, capacity 58989K, committed 59184K, reserved 1101824K
  class space    used 5693K, capacity 6714K, committed 6784K, reserved 1048576K
}
Event: 24.074 GC heap after
{Heap after GC invocations=24 (full 0):
 garbage-first heap   total 299008K, used 142336K [0x00000000c0000000, 0x0000000100000000)
  region size 1024K, 11 young (11264K), 11 survivors (11264K)
 Metaspace       used 56345K, capacity 58989K, committed 59184K, reserved 1101824K
  class space    used 5693K, capacity 6714K, committed 6784K, reserved 1048576K
}
Event: 25.130 GC heap before
{Heap before GC invocations=24 (full 0):
 garbage-first heap   total 299008K, used 237568K [0x00000000c0000000, 0x0000000100000000)
  region size 1024K, 104 young (106496K), 11 survivors (11264K)
 Metaspace       used 56345K, capacity 58989K, committed 59184K, reserved 1101824K
  class space    used 5693K, capacity 6714K, committed 6784K, reserved 1048576K
}
Event: 25.334 GC heap after
{Heap after GC invocations=25 (full 0):
 garbage-first heap   total 299008K, used 153063K [0x00000000c0000000, 0x0000000100000000)
  region size 1024K, 11 young (11264K), 11 survivors (11264K)
 Metaspace       used 56345K, capacity 58989K, committed 59184K, reserved 1101824K
  class space    used 5693K, capacity 6714K, committed 6784K, reserved 1048576K
}
Event: 26.444 GC heap before
{Heap before GC invocations=25 (full 0):
 garbage-first heap   total 299008K, used 242151K [0x00000000c0000000, 0x0000000100000000)
  region size 1024K, 98 young (100352K), 11 survivors (11264K)
 Metaspace       used 56345K, capacity 58989K, committed 59184K, reserved 1101824K
  class space    used 5693K, capacity 6714K, committed 6784K, reserved 1048576K
}
Event: 27.021 GC heap after
{Heap after GC invocations=26 (full 0):
 garbage-first heap   total 299008K, used 162667K [0x00000000c0000000, 0x0000000100000000)
  region size 1024K, 10 young (10240K), 10 survivors (10240K)
 Metaspace       used 56345K, capacity 58989K, committed 59184K, reserved 1101824K
  class space    used 5693K, capacity 6714K, committed 6784K, reserved 1048576K
}
Event: 30.621 GC heap before
{Heap before GC invocations=27 (full 0):
 garbage-first heap   total 299008K, used 239467K [0x00000000c0000000, 0x0000000100000000)
  region size 1024K, 86 young (88064K), 10 survivors (10240K)
 Metaspace       used 56372K, capacity 59053K, committed 59440K, reserved 1101824K
  class space    used 5694K, capacity 6714K, committed 6784K, reserved 1048576K
}

